<?xml version="1.0" encoding="UTF-8"?>
<robot generator="Robot 3.1.2 (Python 3.7.5 on win32)" generated="20191031 11:20:57.774" rpa="false">
<suite id="s1" name="Zoekacties Uitvoeren" source="C:\Users\IEUser\Documents\Luminis\Tests\zoekacties uitvoeren.robot">
<test id="s1-t1" name="Zoeken van een spel">
<kw name="Open Browser" library="SeleniumLibrary">
<doc>Opens a new browser instance to the given ``url``.</doc>
<arguments>
<arg>about:blank</arg>
<arg>chrome</arg>
</arguments>
<msg timestamp="20191031 11:20:58.027" level="INFO">Opening browser 'chrome' to base url 'about:blank'.</msg>
<status status="PASS" starttime="20191031 11:20:58.027" endtime="20191031 11:21:01.069"></status>
</kw>
<kw name="Maximize Browser Window" library="SeleniumLibrary">
<doc>Maximizes current browser window.</doc>
<status status="PASS" starttime="20191031 11:21:01.072" endtime="20191031 11:21:02.317"></status>
</kw>
<kw name="Go To" library="SeleniumLibrary">
<doc>Navigates the active browser instance to the provided ``url``.</doc>
<arguments>
<arg>http://www.bol.com</arg>
</arguments>
<msg timestamp="20191031 11:21:02.317" level="INFO">Opening url 'http://www.bol.com'</msg>
<status status="PASS" starttime="20191031 11:21:02.317" endtime="20191031 11:21:04.095"></status>
</kw>
<kw name="Sleep" library="BuiltIn">
<doc>Pauses the test executed for the given time.</doc>
<arguments>
<arg>2s</arg>
</arguments>
<msg timestamp="20191031 11:21:06.100" level="INFO">Slept 2 seconds</msg>
<status status="PASS" starttime="20191031 11:21:04.099" endtime="20191031 11:21:06.100"></status>
</kw>
<kw name="Input Text" library="SeleniumLibrary">
<doc>Types the given ``text`` into text field identified by ``locator``.</doc>
<arguments>
<arg>id:searchfor</arg>
<arg>Exit escape room</arg>
</arguments>
<msg timestamp="20191031 11:21:06.100" level="INFO">Typing text 'Exit escape room' into text field 'id:searchfor'.</msg>
<status status="PASS" starttime="20191031 11:21:06.100" endtime="20191031 11:21:06.481"></status>
</kw>
<kw name="Click Element" library="SeleniumLibrary">
<doc>Click element identified by ``locator``.</doc>
<arguments>
<arg>xpath://button[@data-test="search-button"]</arg>
</arguments>
<msg timestamp="20191031 11:21:06.486" level="INFO">Clicking element 'xpath://button[@data-test="search-button"]'.</msg>
<status status="PASS" starttime="20191031 11:21:06.481" endtime="20191031 11:21:07.429"></status>
</kw>
<kw name="Page Should Contain" library="SeleniumLibrary">
<doc>Verifies that current page contains ``text``.</doc>
<arguments>
<arg>EXIT De Verlaten</arg>
</arguments>
<msg timestamp="20191031 11:21:07.585" level="INFO">Current page contains text 'EXIT De Verlaten'.</msg>
<status status="PASS" starttime="20191031 11:21:07.478" endtime="20191031 11:21:07.585"></status>
</kw>
<kw name="Close Browser" library="SeleniumLibrary">
<doc>Closes the current browser.</doc>
<status status="PASS" starttime="20191031 11:21:07.585" endtime="20191031 11:21:11.045"></status>
</kw>
<status status="PASS" starttime="20191031 11:20:58.027" endtime="20191031 11:21:11.046" critical="yes"></status>
</test>
<status status="PASS" starttime="20191031 11:20:57.774" endtime="20191031 11:21:11.046"></status>
</suite>
<statistics>
<total>
<stat pass="1" fail="0">Critical Tests</stat>
<stat pass="1" fail="0">All Tests</stat>
</total>
<tag>
</tag>
<suite>
<stat pass="1" fail="0" id="s1" name="Zoekacties Uitvoeren">Zoekacties Uitvoeren</stat>
</suite>
</statistics>
<errors>
</errors>
</robot>
