<?xml version="1.0" encoding="UTF-8"?>
<robot generator="Robot 3.1.2 (Python 3.7.5 on win32)" generated="20191031 10:53:44.529" rpa="false">
<suite id="s1" name="Tests" source="C:\Users\IEUser\Documents\Luminis\Tests">
<suite id="s1-s1" name="Homepage Controles" source="C:\Users\IEUser\Documents\Luminis\Tests\homepage controles.robot">
<test id="s1-s1-t1" name="Controleer de juiste titels">
<kw name="Open Browser" library="SeleniumLibrary">
<doc>Opens a new browser instance to the given ``url``.</doc>
<arguments>
<arg>about:blank</arg>
<arg>chrome</arg>
</arguments>
<msg timestamp="20191031 10:53:44.831" level="INFO">Opening browser 'chrome' to base url 'about:blank'.</msg>
<status status="PASS" starttime="20191031 10:53:44.831" endtime="20191031 10:53:48.255"></status>
</kw>
<kw name="Maximize Browser Window" library="SeleniumLibrary">
<doc>Maximizes current browser window.</doc>
<status status="PASS" starttime="20191031 10:53:48.274" endtime="20191031 10:53:49.642"></status>
</kw>
<kw name="Go To" library="SeleniumLibrary">
<doc>Navigates the active browser instance to the provided ``url``.</doc>
<arguments>
<arg>http://www.bol.com</arg>
</arguments>
<msg timestamp="20191031 10:53:49.642" level="INFO">Opening url 'http://www.bol.com'</msg>
<status status="PASS" starttime="20191031 10:53:49.642" endtime="20191031 10:53:52.097"></status>
</kw>
<kw name="Sleep" library="BuiltIn">
<doc>Pauses the test executed for the given time.</doc>
<arguments>
<arg>2s</arg>
</arguments>
<msg timestamp="20191031 10:53:54.099" level="INFO">Slept 2 seconds</msg>
<status status="PASS" starttime="20191031 10:53:52.097" endtime="20191031 10:53:54.099"></status>
</kw>
<kw name="Current Frame Should Contain" library="SeleniumLibrary">
<doc>Verifies that current frame contains ``text``.</doc>
<arguments>
<arg>Sinterklaas</arg>
</arguments>
<msg timestamp="20191031 10:53:54.103" level="INFO">Current frame contains text 'Sinterklaas'.</msg>
<status status="PASS" starttime="20191031 10:53:54.099" endtime="20191031 10:53:54.103"></status>
</kw>
<kw name="Current Frame Should Contain" library="SeleniumLibrary">
<doc>Verifies that current frame contains ``text``.</doc>
<arguments>
<arg>Dagdeal</arg>
</arguments>
<msg timestamp="20191031 10:53:54.129" level="INFO">Current frame contains text 'Dagdeal'.</msg>
<status status="PASS" starttime="20191031 10:53:54.103" endtime="20191031 10:53:54.141"></status>
</kw>
<kw name="Page Should Contain Textfield" library="SeleniumLibrary">
<doc>Verifies text field ``locator`` is found from current page.</doc>
<arguments>
<arg>id:searchfor</arg>
</arguments>
<msg timestamp="20191031 10:53:54.160" level="INFO">Current page contains text field 'id:searchfor'.</msg>
<status status="PASS" starttime="20191031 10:53:54.141" endtime="20191031 10:53:54.160"></status>
</kw>
<kw name="Close Browser" library="SeleniumLibrary">
<doc>Closes the current browser.</doc>
<status status="PASS" starttime="20191031 10:53:54.160" endtime="20191031 10:53:58.207"></status>
</kw>
<status status="PASS" starttime="20191031 10:53:44.831" endtime="20191031 10:53:58.207" critical="yes"></status>
</test>
<status status="PASS" starttime="20191031 10:53:44.566" endtime="20191031 10:53:58.207"></status>
</suite>
<status status="PASS" starttime="20191031 10:53:44.529" endtime="20191031 10:53:58.207"></status>
</suite>
<statistics>
<total>
<stat pass="1" fail="0">Critical Tests</stat>
<stat pass="1" fail="0">All Tests</stat>
</total>
<tag>
</tag>
<suite>
<stat pass="1" fail="0" id="s1" name="Tests">Tests</stat>
<stat pass="1" fail="0" id="s1-s1" name="Homepage Controles">Tests.Homepage Controles</stat>
</suite>
</statistics>
<errors>
</errors>
</robot>
